<?xml version="1.0" encoding="UTF-8"?>
<!-- Generated by org.testng.reporters.JUnitReportReporter -->
<testsuite hostname="DESKTOP-RA2L324" failures="0" tests="1" name="wistamp.tests.ForgotPasswordTest" time="8.119" errors="0" timestamp="2024-07-01T08:55:19 IDT" skipped="0">
  <testcase classname="wistamp.tests.ForgotPasswordTest" name="forgotPass" time="8.119"/>
  <system-out/>
</testsuite> <!-- wistamp.tests.ForgotPasswordTest -->
