<?xml version="1.0" encoding="UTF-8"?>
<!-- Generated by org.testng.reporters.JUnitReportReporter -->
<testsuite hostname="DESKTOP-RA2L324" failures="0" tests="2" name="wistamp.tests.LoginTest" time="6.751" errors="0" timestamp="2024-07-01T08:55:19 IDT" skipped="0">
  <testcase classname="wistamp.tests.LoginTest" name="loginFailure" time="2.318"/>
  <system-out/>
  <testcase classname="wistamp.tests.LoginTest" name="loginSucess" time="4.433"/>
  <system-out/>
</testsuite> <!-- wistamp.tests.LoginTest -->
