<?xml version="1.0" encoding="UTF-8"?>
<!-- Generated by org.testng.reporters.JUnitReportReporter -->
<testsuite hostname="DESKTOP-RA2L324" failures="0" tests="1" name="wistamp.tests.AppDetailsTest" time="14.933" errors="0" timestamp="2024-07-01T08:55:19 IDT" skipped="0">
  <testcase classname="wistamp.tests.AppDetailsTest" name="addVideo" time="14.933"/>
  <system-out/>
</testsuite> <!-- wistamp.tests.AppDetailsTest -->
