<?xml version="1.0" encoding="UTF-8"?>
<!-- Generated by org.testng.reporters.JUnitReportReporter -->
<testsuite skipped="0" hostname="DESKTOP-RA2L324" name="wistamp.tests.LoginTest" tests="2" failures="0" timestamp="2024-07-01T10:23:28 IDT" time="10.368" errors="0">
  <testcase name="loginSucess" time="6.211" classname="wistamp.tests.LoginTest"/>
  <system-out/>
  <testcase name="loginFailure" time="4.157" classname="wistamp.tests.LoginTest"/>
  <system-out/>
</testsuite> <!-- wistamp.tests.LoginTest -->
