<?xml version="1.0" encoding="UTF-8"?>
<!-- Generated by org.testng.reporters.JUnitReportReporter -->
<testsuite skipped="0" hostname="DESKTOP-RA2L324" name="wistamp.tests.AppDetailsTest" tests="1" failures="0" timestamp="2024-07-01T10:23:28 IDT" time="15.421" errors="0">
  <testcase name="addVideo" time="15.421" classname="wistamp.tests.AppDetailsTest"/>
  <system-out/>
</testsuite> <!-- wistamp.tests.AppDetailsTest -->
