<?xml version="1.0" encoding="UTF-8"?>
<!-- Generated by org.testng.reporters.JUnitReportReporter -->
<testsuite skipped="0" hostname="DESKTOP-RA2L324" name="wistamp.tests.ForgotPasswordTest" tests="1" failures="0" timestamp="2024-07-01T10:23:28 IDT" time="7.362" errors="0">
  <testcase name="forgotPass" time="7.362" classname="wistamp.tests.ForgotPasswordTest"/>
  <system-out/>
</testsuite> <!-- wistamp.tests.ForgotPasswordTest -->
